{
  "stats": {
    "suites": 9,
    "tests": 11,
    "passes": 11,
    "pending": 0,
    "failures": 0,
    "start": "2023-05-22T09:01:06.768Z",
    "end": "2023-05-22T09:01:06.805Z",
    "duration": 37
  },
  "tests": [
    {
      "title": "should return 0 when the calculator is created",
      "fullTitle": "Calculator getResult() should return 0 when the calculator is created",
      "file": "E:\\Programmering\\Nackademin\\alm\\webb22_alm_cicd\\test\\calculator.test.js",
      "duration": 0,
      "currentRetry": 0,
      "speed": "fast",
      "err": {}
    },
    {
      "title": "should return 3 if add 1 + 2",
      "fullTitle": "Calculator addition should return 3 if add 1 + 2",
      "file": "E:\\Programmering\\Nackademin\\alm\\webb22_alm_cicd\\test\\calculator.test.js",
      "duration": 0,
      "currentRetry": 0,
      "speed": "fast",
      "err": {}
    },
    {
      "title": "should return -2 if add -1 + -1",
      "fullTitle": "Calculator addition should return -2 if add -1 + -1",
      "file": "E:\\Programmering\\Nackademin\\alm\\webb22_alm_cicd\\test\\calculator.test.js",
      "duration": 0,
      "currentRetry": 0,
      "speed": "fast",
      "err": {}
    },
    {
      "title": "should return 1 if 2 - 1",
      "fullTitle": "Calculator remove should return 1 if 2 - 1",
      "file": "E:\\Programmering\\Nackademin\\alm\\webb22_alm_cicd\\test\\calculator.test.js",
      "duration": 0,
      "currentRetry": 0,
      "speed": "fast",
      "err": {}
    },
    {
      "title": "should return 6 if add 1 * 2",
      "fullTitle": "Calculator multiply should return 6 if add 1 * 2",
      "file": "E:\\Programmering\\Nackademin\\alm\\webb22_alm_cicd\\test\\calculator.test.js",
      "duration": 0,
      "currentRetry": 0,
      "speed": "fast",
      "err": {}
    },
    {
      "title": "should return -6 if add 2 * -3",
      "fullTitle": "Calculator multiply should return -6 if add 2 * -3",
      "file": "E:\\Programmering\\Nackademin\\alm\\webb22_alm_cicd\\test\\calculator.test.js",
      "duration": 0,
      "currentRetry": 0,
      "speed": "fast",
      "err": {}
    },
    {
      "title": "should return 0 if add 10 * 0",
      "fullTitle": "Calculator multiply should return 0 if add 10 * 0",
      "file": "E:\\Programmering\\Nackademin\\alm\\webb22_alm_cicd\\test\\calculator.test.js",
      "duration": 0,
      "currentRetry": 0,
      "speed": "fast",
      "err": {}
    },
    {
      "title": "should return 2 if 6 / 3",
      "fullTitle": "Calculator divide should return 2 if 6 / 3",
      "file": "E:\\Programmering\\Nackademin\\alm\\webb22_alm_cicd\\test\\calculator.test.js",
      "duration": 0,
      "currentRetry": 0,
      "speed": "fast",
      "err": {}
    },
    {
      "title": "should return 0 if 0 / 10",
      "fullTitle": "Calculator divide should return 0 if 0 / 10",
      "file": "E:\\Programmering\\Nackademin\\alm\\webb22_alm_cicd\\test\\calculator.test.js",
      "duration": 0,
      "currentRetry": 0,
      "speed": "fast",
      "err": {}
    },
    {
      "title": "should return -1 when the value is not present",
      "fullTitle": "Array #indexOf() should return -1 when the value is not present",
      "file": "E:\\Programmering\\Nackademin\\alm\\webb22_alm_cicd\\test\\test.js",
      "duration": 0,
      "currentRetry": 0,
      "speed": "fast",
      "err": {}
    },
    {
      "title": "responds with json",
      "fullTitle": "GET /users responds with json",
      "file": "E:\\Programmering\\Nackademin\\alm\\webb22_alm_cicd\\test\\user.test.js",
      "duration": 33,
      "currentRetry": 0,
      "speed": "fast",
      "err": {}
    }
  ],
  "pending": [],
  "failures": [],
  "passes": [
    {
      "title": "should return 0 when the calculator is created",
      "fullTitle": "Calculator getResult() should return 0 when the calculator is created",
      "file": "E:\\Programmering\\Nackademin\\alm\\webb22_alm_cicd\\test\\calculator.test.js",
      "duration": 0,
      "currentRetry": 0,
      "speed": "fast",
      "err": {}
    },
    {
      "title": "should return 3 if add 1 + 2",
      "fullTitle": "Calculator addition should return 3 if add 1 + 2",
      "file": "E:\\Programmering\\Nackademin\\alm\\webb22_alm_cicd\\test\\calculator.test.js",
      "duration": 0,
      "currentRetry": 0,
      "speed": "fast",
      "err": {}
    },
    {
      "title": "should return -2 if add -1 + -1",
      "fullTitle": "Calculator addition should return -2 if add -1 + -1",
      "file": "E:\\Programmering\\Nackademin\\alm\\webb22_alm_cicd\\test\\calculator.test.js",
      "duration": 0,
      "currentRetry": 0,
      "speed": "fast",
      "err": {}
    },
    {
      "title": "should return 1 if 2 - 1",
      "fullTitle": "Calculator remove should return 1 if 2 - 1",
      "file": "E:\\Programmering\\Nackademin\\alm\\webb22_alm_cicd\\test\\calculator.test.js",
      "duration": 0,
      "currentRetry": 0,
      "speed": "fast",
      "err": {}
    },
    {
      "title": "should return 6 if add 1 * 2",
      "fullTitle": "Calculator multiply should return 6 if add 1 * 2",
      "file": "E:\\Programmering\\Nackademin\\alm\\webb22_alm_cicd\\test\\calculator.test.js",
      "duration": 0,
      "currentRetry": 0,
      "speed": "fast",
      "err": {}
    },
    {
      "title": "should return -6 if add 2 * -3",
      "fullTitle": "Calculator multiply should return -6 if add 2 * -3",
      "file": "E:\\Programmering\\Nackademin\\alm\\webb22_alm_cicd\\test\\calculator.test.js",
      "duration": 0,
      "currentRetry": 0,
      "speed": "fast",
      "err": {}
    },
    {
      "title": "should return 0 if add 10 * 0",
      "fullTitle": "Calculator multiply should return 0 if add 10 * 0",
      "file": "E:\\Programmering\\Nackademin\\alm\\webb22_alm_cicd\\test\\calculator.test.js",
      "duration": 0,
      "currentRetry": 0,
      "speed": "fast",
      "err": {}
    },
    {
      "title": "should return 2 if 6 / 3",
      "fullTitle": "Calculator divide should return 2 if 6 / 3",
      "file": "E:\\Programmering\\Nackademin\\alm\\webb22_alm_cicd\\test\\calculator.test.js",
      "duration": 0,
      "currentRetry": 0,
      "speed": "fast",
      "err": {}
    },
    {
      "title": "should return 0 if 0 / 10",
      "fullTitle": "Calculator divide should return 0 if 0 / 10",
      "file": "E:\\Programmering\\Nackademin\\alm\\webb22_alm_cicd\\test\\calculator.test.js",
      "duration": 0,
      "currentRetry": 0,
      "speed": "fast",
      "err": {}
    },
    {
      "title": "should return -1 when the value is not present",
      "fullTitle": "Array #indexOf() should return -1 when the value is not present",
      "file": "E:\\Programmering\\Nackademin\\alm\\webb22_alm_cicd\\test\\test.js",
      "duration": 0,
      "currentRetry": 0,
      "speed": "fast",
      "err": {}
    },
    {
      "title": "responds with json",
      "fullTitle": "GET /users responds with json",
      "file": "E:\\Programmering\\Nackademin\\alm\\webb22_alm_cicd\\test\\user.test.js",
      "duration": 33,
      "currentRetry": 0,
      "speed": "fast",
      "err": {}
    }
  ]
}